<?xml version="1.0" encoding="UTF-8"?>
<!-- Generated by org.testng.reporters.JUnitXMLReporter -->
<testsuite hostname="Dina-PC" ignored="0" name="Default test" tests="7" failures="0" timestamp="14 Mar 2021 18:07:11 GMT" time="61.366" errors="0">
  <testcase name="LoginByValidCredentials" time="1.869" classname="Tests.TestTweets"/>
  <testcase name="TweetWithValidLength" time="7.233" classname="Tests.TestTweets"/>
  <testcase name="TweetWithGIF" time="12.895" classname="Tests.TestTweets"/>
  <testcase name="TweetWithValidLengthAndGIF" time="4.382" classname="Tests.TestTweets"/>
  <testcase name="emptyTweet" time="5.442" classname="Tests.TestTweets"/>
  <testcase name="TweetWithInvalidLength" time="9.898" classname="Tests.TestTweets"/>
  <testcase name="postSameTweetAtRow" time="11.612" classname="Tests.TestTweets"/>
</testsuite> <!-- Default test -->
